  1  6 (' ?1: i/o error on device',I3,' at file',I4,' block',I6)
  2  3 (' ?2: Unexpected EOF on device',I3)
  3  2 (' ?3: Bad value for ',A)
  4  1 (' ?4: Abandoned')
  5  3 (' ?5: Bad size for picture',I6)
  6  3 (' ?6: Bad class for picture',I6)
  7  2 (' ?7: Undefined label: ',A)
  8  4 (' ?8: i/o error on device',I3,' at block',I7)
  9  1 (' ?9: Outside picture')
 10  8 <- Error message is output directly
 11  5 (' ?11: Disc full - can''t open',I6,' on device',I3)
 12  3 (' ?12: No structure in picture',I6)
 13  2 (' ?13: Can''t set ',A)
 14  2 (' ?14: Unknown command: ',A)
 15  1 (' ?15: Display device is write-only')
 16  2 (' ?16: Unknown function: ',A)
 17  1 (' ?17: Bad syntax')
 18  1 (' ?18: Expression stack overflow')
 19  2 (' ?19: Can''t unset ',A)
 20  1 (' ?20: Bad syntax in expression')
 21  1 (' ?21: Command line too long')
 22  1 (' ?22: Bad numerical operation')
 23  3 (' ?23: Bad position on device',I3)
 24  1 (' ?24: RUN file already active')
 25  2 (' ?25: Unset variable: ',A)
 26  1 (' ?26: Involves backward tape movement')
 27  3 (' ?27: Output to',I6,' not allowed')
 28  3 (' ?28: Bad device or picture number:',I6)
 29  3 (' ?29: Bad medium for device',I3)
 30  3 (' ?30: Picture',I6,' does not exist')
 31  1 (' ?31: Bad tab position')
 33  3 (' ?33: Display',I6,' is undersampled')
 34  3 (' ?34: Device',I3,' is not assigned')
 35  3 (' ?35: Device',I3,' does not contain programs')
 36  1 (' ?36: Bad FOR loop')
 37  3 (' ?37: Disc directory full - can''t open',I6)
 38  1 (' ?38: Insufficient display frames available')
 39  3 (' ?39: Incompatible re-use of picture',I6)
 40  1 (' ?40: Display error')
 41  3 (' ?41: Write-protected device or picture:',I6)
 42  5 (' ?42: Disc fragmented - can''t open',I6,' on device',I3)
 43  3 (' ?43: Bad form for picture',I6)
 44  3 (' ?44: Assign/deassign failure on device',I3)
 45  1 (' ?45: Device table full')
 46  3 (' ?46: Picture',I6,' already exists')
 47  3 (' ?47: Row length overflow in picture',I6)
 48  3 (' ?48: Bad type for display',I6)
 49  2 (' ?49: Unknown macro: ',A)
 50  4 (' ?50: Bad block number: device',I3,', block',I7)
 51  1 (' ?51: Unable to open any disc workspace')
 52  3 (' ?52: Picture',I6,' has a malformed label')
 53  3 (' ?53: Display partition',I6,' does not exist')
 54  1 (' ?54: Magnified region too large')
 55  1 (' ?55: Too many histogram channels')
 56  1 (' ?56: Too many picture opens simultaneously')
 57  2 (' ?57: Illegal item: ',A)
 58  1 (' ?58: No pictures found')
 59  1 (' ?59: Output must not overwrite source')
 60  7 (' ?60: Conflicting keys/options: ',A,' and ',A)
 61  3 (' ?61: Bad layer for picture',I6)
 62  2 (' ?62: ',A,' does not process multi-layer pictures')
 63  3 (' ?63: Bad origin for picture',I6)
 64  2 (' ?64: Bad key/option: ',A)
 65  1 (' ?65: All pixels zero')
 66  1 (' ?66: Bad kernel size')
 67  3 (' ?67: Picture',I6,' does not define a closed curve')
 68  3 (' ?68: Bad look-up table number:',I6)
 69  3 (' ?69: Look-up table',I6,' does not exist')
 70  3 (' ?70: Bad display partition number:',I6)
 71  3 (' ?71: Device',I6,' is not a display device')
 72  3 (' ?72: Bad type for Plist',I6)
 73  3 (' ?73: Bad device:partition number:',I6)
 75  3 (' ?75: Bad display frame number:',I6)
 76  3 (' ?76: Bad device number:',I6)
 77  9 (' ?77: ',A)
 78  1 (' ?78: 3 points defining arc or circle are collinear')
 79  1 (' ?79: U and V not independent')
 80  1 (' ?80: Maximum for number of input points has been exceeded')
 81  1 (' ?81: Picture is not a 1-D graph')
 82  1 (' ?82: First point beyond right edge of graph')
 83  3 (' ?83: Bad zoom factor:',I6)
 84  2 (' ?84: Command with too many keys: ',A)
 85  2 (' ?85: Command with too many options: ',A)
 86  2 (' ?86: Command with too many open specifications: ',A)
 87  3 (' ?87: Label for picture ',I5,' not accessible')
 88  1 (' ?88: Sub-region specified with more than one layer')
 89  1 (' ?89: Display sub-region outside border limits')
 90  3 (' ?90: Device',I3,' is not a picture storage device')
 92  1 (' ?92: Bad floating-point value detected or integer overflow')
 95  1 (' ?95: Attempt to divide by zero')
 96  1 (' ?96: Attempt to take square root of negative value')
 97  1 (' ?97: Argument to LN negative or zero')
 98  1 (' ?98: Argument to ACOS or ASIN out of range -1 to 1')
 99  1 (' ?99: Attempt to take fractional power of zero or negative value')
100  3 (' ?100: No free directory slots on device',I3)
101  3 (' ?101: Insufficient free space on device',I3)
102  1 (' ?102: Program index overflow - reduce complexity')
103  1 (' ?103: Local variables not allowed in FOR loop')
104  2 (' ?104: Too many local variables, can''t save ',A)
105  1 (' ?105: LOOP doesn''t match active FOR loop')
106  1 (' ?106: FOR with no matching LOOP')
107  1 (' ?107: RUN not allowed from within a program or FOR loop')
108  1 (' ?108: Program nest level exceeded')
109  1 (' ?109: FOR loop nest level exceeded')
110  1 (' ?110: NEXT or BREAK doesn''t match any active FOR loops')
111  1 (' ?111: LOOP with no FOR')
112  2 (' ?112: Label ',A,' is inside a FOR loop')
113  3 (' ?113: Program device',I3,' is in use')
114  1 (' ?114: No help library or no info -- did you run make help?')
115  1 (' ?115: No help for specified topics')
116  1 (' ?116: Device or picture number out of range')
117  1 (' ?117: Help libraries can only be created by the Help Manager')
118  3 (' ?118: Display device',I3,' is already assigned')
119  1 (' ?119: Invalid or unknown file type')
120  1 (' ?120: Reassignment of new disc files only allowed in full version')
121  3 (' ?121: Device',I3,' is already assigned')
122  2 (' ?122: Value must be given for ',A)
123  1 (' ?123: Unable to create workspace device (retry count exceeded)')
124  3 (' ?124: Device',I3,' is not a text file')
125  9 (' ?125: Program ''',A,''' not found')
126  9 (' ?126: Program ''',A,''' already exists')
127  9 (' ?127: Attempt to delete active program ''',A,'''')
128  9 (' ?128: Program ''',A,''' has a corrupted index')
129 10 (' ?129: File I/O error',I6,' on unit',I6,' file ''',A,'''')
130  9 (' ?130: File ''',A,''' not found')
131  9 (' ?131: Unexpected end-of-file found in file ''',A,'''')
132  3 (' ?132: Picture',I6,' has no title')
133  9 (' ?133: Program name ''',A,''' is invalid')
134  1 (' ?134: Too many files open')
135  9 (' ?135: File ''',A,''' already exists (option NEW will overwrite)')
136  1 (' ?136: File name incorrectly specified')
137  1 (' ?137: Internal file name too long')
138  1 (' ?138: No match found')
139  1 (' ?139: Command line buffer overflow')
140  1 (' ?140: Security device missing')
141  1 (' ?141: Wrong level security device')
142  1 (' ?142: Security failure')
143  1 (' ?143: Security failure')
144  1 (' ?144: Security failure')
145  3 (' ?145: LP',I1,' already opened')
146  3 (' ?146: Attempt to reference LP',I1,' before opening')
147 10 (' ?147: Picture',I6,' has bad value',I6,' in label field ',A)
148 10 (' ?148: Picture',I6,' new value',I6,' in label field ',A,' is invalid')
149  3 (' ?149: Attempt to write a malformed label for picture',I6)
150  1 (' ?150: Chord buffer overflow')
151  1 (' ?151: Too many particles')
153  1 (' ?153: Too many items to label in segmented picture')
154  1 (' ?154: Bad pixel value in segmented picture')
155  1 (' ?155: Particle not found')
156  1 (' ?156: Excessively large curve')
157  1 (' ?157: Picture is not a 2-D image')
158  1 (' ?158: No particles selected')
159  1 (' ?159: Zero pixel area')
160  1 (' ?160: Particle not present in segmented picture')
161  1 (' ?161: Event queue routine error')
162  3 (' ?162: Device ',I3,' already quoted')
163  3 (' ?163: Look-up table ',I3,' not currently active')
164  1 (' ?164: CTF WAVE requires full plane Fourier pictures')
165  3 (' ?165: Attempt to use invalid LP number ',I6)
166  3 (' ?166: Attempt to use unopened LP number ',I2)
250  1 (' ?250: No UIF error - status set TRUE with no error code' )
251  1 (' ?251: UIF is not initialised' )
252  1 (' ?252: Maximum number of windows exceeded' )
253  1 (' ?253: Maximum number of panels exceeded' )
254  1 (' ?254: Maximum number of scrolling areas exceeded' )
255  1 (' ?255: Maximum number of cells exceeded' )
256  1 (' ?256: Maximum number of menus exceeded' )
257  1 (' ?257: Maximum number of textfields exceeded' )
258  1 (' ?258: Operation cannot be performed while panel is showing' )
259  1 (' ?259: Operation cannot be performed while scrolling area is showing' )
260  1 (' ?260: Operation cannot be performed while panel is not showing' )
261  1 (' ?261: Error setting variable value' )
262  1 (' ?262: Error getting variable value' )
263  1 (' ?263: Error creating window' )
264  1 (' ?264: Error clearing window' )
265  1 (' ?265: Error obtaining size of window device' )
266  1 (' ?266: Error showing window' )
267  1 (' ?267: Error destroying window' )
268  1 (' ?268: Error hiding window' )
269  1 (' ?269: Error moving window' )
270  1 (' ?270: Error creating panel' )
271  1 (' ?271: Error destroying panel' )
272  1 (' ?272: Error hiding panel' )
273  1 (' ?273: Error showing panel' )
274  1 (' ?274: Error moving panel' )
275  1 (' ?275: Error naming panel' )
276  1 (' ?276: Error setting panel/element colours' )
277  1 (' ?277: Error clearing device' )
278  1 (' ?278: Attempt to perform operation when mandatory panel showing' )
279  1 (' ?279: Invalid panel identifier' )
280  1 (' ?280: Invalid scrolling area identifier' )
281  1 (' ?281: Error showing scrolling area' )
282  1 (' ?282: Invalid position' )
283  1 (' ?283: String too short for copy/concatenate operation' )
284  1 (' ?284: UIF initialisation failed' )
285  1 (' ?285: Invalid device requested' )
286  1 (' ?286: Invalid element type' )
287  1 (' ?287: Invalid action' )
288  1 (' ?288: Invalid element position/size' )
289  1 (' ?289: Invalid cell identifier' )
290  1 (' ?290: Invalid cell highlighting type' )
291  1 (' ?291: Invalid textfield identifier' )
292  1 (' ?292: Invalid textfield length' )
293  1 (' ?293: Invalid numeric textfield range specifier' )
294  1 (' ?294: Numeric textfield contents out of range' )
295  1 (' ?295: Unable to convert numeric textfield contents to number' )
296  1 (' ?296: Unable to convert number to a string' )
297  1 (' ?297: Invalid menu identifier' )
298  1 (' ?298: Invalid menu type' )
299  1 (' ?299: Invalid menu style' )
300  1 (' ?300: Menu panel has not been created' )
301  1 (' ?301: Action string is too long to fit application input buffer' )
302  1 (' ?302: Framestore access error' )
303  1 (' ?303: UIF is not running' )
304  1 (' ?304: Window of requested size/position will not fit device' )
305  1 (' ?305: UIF termination failed' )
306  1 (' ?306: Cursor position stack is empty' )
307  1 (' ?307: Cursor position stack is full' )
308  1 (' ?308: Dynamic memory system not initialised' )
309  1 (' ?309: Dynamic memory system already initialised' )
310  1 (' ?310: Invalid block size of dynamic memory requested' )
311  1 (' ?311: Invalid logical index to dynamic memory used' )
312  1 (' ?312: Dynamic memory logical index table full' )
313  1 (' ?313: Dynamic memory exhausted' )
314  1 (' ?314: Invalid positioning point' )
315  1 (' ?315: Invalid mouse button number' )
316  1 (' ?316: Display is not assigned for windows on framestore' )
317  1 (' ?317: Invalid element identifier' )
318  1 (' ?318: Invalid panel/scrolling area/element identifier' )
333  1 (' ?333: The Semper UIF is not installed in this system')
500  1 (' ?500: Source and covariance sizes differ')
501  1 (' ?501: Too many classification regions')
502  1 (' ?502: Too many layers')
503  1 (' ?503: Threshold must be in range 0.0 .. 100.0')
504  1 (' ?504: Not enough thresholds')
505  1 (' ?505: Probabilities must be positive, less than 1.0')
506  1 (' ?506: Sum of probabilities greater than 1.0')
507  3 (' ?507: Too many channels, maximum (square) is: ', I6)
508  1 (' ?508: Thresholds must be positive')
509  1 (' ?509: Unable to calculate eigenmatrix')
510  3 (' ?510: Invalid polynomial order, largest is: ', I3)
511  1 (' ?511: Control points must be plists')
512  1 (' ?512: Image and map plists must be same length')
513  3 (' ?513: Too many control points, maximum is: ', I4)
514  1 (' ?514: Not enough control points (or singular set)')
515  1 (' ?515: Number of classes and probabilities disagree')
516  1 (' ?516: Class has zero determinant - no inverse possible')
900  9 (' ?900: ',A)
997  1 (' ?997: QUIT in response to page prompt')
998 10 (' ?998: Internal error = ',I6,', status = ',I6,', routine = ',A)
999 10 (' ?999: FATAL error = ',I6,', status = ',I6,', routine = ',A)

Lines above contain an error message number, an iolist type code and a
i/o format, to be read in (2I3,1X,A) format; the iolist type codes are as
follows:

    0 terminates error list - blank line will do
    1 null
    2 IDERR unpacked as name
    3 IDERR
    4 IDERR, I4IDER
    5 IDERR, IDERR2
    6 IDERR, plus tape position for device IDERR
    7 IDERR, IDERR2 unpacked as names
    8 no message at all - used with error 10 and 997
    9 IDMESS
   10 IDERR, IDERR2, IDMESS

Error message numbers need not be ordered, consecutive or even positive

Error numbers between 900 and 949 are reserved for locallly written code

Semper uses the following error numbers internally, which are dealt with
specially by SEMINX

    997 : QUIT option chosen during paged output
    998 : Non-fatal, internal error - actually treated same as normal error
    999 : Fatal error - Semper terminates automatically
